method = sample (Default)
  sample
    num_samples = 1500
    num_warmup = 500
    save_warmup = 0 (Default)
    thin = 1 (Default)
    adapt
      engaged = 1 (Default)
      gamma = 0.050000000000000003 (Default)
      delta = 0.80000000000000004 (Default)
      kappa = 0.75 (Default)
      t0 = 10 (Default)
      init_buffer = 75 (Default)
      term_buffer = 50 (Default)
      window = 25 (Default)
    algorithm = hmc (Default)
      hmc
        engine = nuts (Default)
          nuts
            max_depth = 10 (Default)
        metric = diag_e (Default)
        metric_file =  (Default)
        stepsize = 1 (Default)
        stepsize_jitter = 0 (Default)
    num_chains = 1 (Default)
id = 1 (Default)
data
  file = datafiles/BrdU_stanfit.Rdump
init = 2 (Default)
random
  seed = 956953371 (Default)
output
  file = save_csv/multiplex_model_.csv
  diagnostic_file =  (Default)
  refresh = 100 (Default)
  sig_figs = -1 (Default)
  profile_file = profile.csv (Default)
  log_prob_output_file = log_prob_output.csv (Default)
num_threads = 1 (Default)

[[0,0,372151,0,0,83027],[5.24144e+41,1.67812e+68,1.32615e+69,-89.8015,-1.60241e+28,3.14284e+29],[3.95745e+66,5.68422e+110,4.49201e+111,-6.50082,-5.20402e+44,1.02067e+46]]

Rejecting initial value:
  Error evaluating the log probability at the initial value.
Exception: normal_lpdf: Location parameter[1] is -inf, but must be finite! (in 'EarlyB_BM/stan_models/multiplex_model.stan', line 120, column 2 to column 55)
[[0,0,372151,0,0,83027],[1.37281e-06,6.72561e+17,6.15285e+18,8.99898e-11,-2.93016e+08,6.06823e+09],[5.08934e-14,4.98413e+26,4.55968e+27,1.07974e-20,-5.276e+11,1.09264e+13]]

Rejecting initial value:
  Error evaluating the log probability at the initial value.
Exception: normal_lpdf: Location parameter[1] is -inf, but must be finite! (in 'EarlyB_BM/stan_models/multiplex_model.stan', line 120, column 2 to column 55)
[[0,0,372151,0,0,83027],[-3.33197e-12,1.12556e-07,2.57894e-07,-7.66119e-13,2.80275e-08,6.44229e-08],[-8.47967e-24,1.29922e-07,2.97208e-07,-1.94973e-24,6.30578e-08,1.44736e-07]]

Rejecting initial value:
  Error evaluating the log probability at the initial value.
Exception: normal_lpdf: Location parameter[1] is -inf, but must be finite! (in 'EarlyB_BM/stan_models/multiplex_model.stan', line 120, column 2 to column 55)
[[0,0,372151,0,0,83027],[-7.63537e-08,-0.000340418,0.0003405,-1.38301e-09,-7.92342e-05,7.92451e-05],[-5.71824e-11,-6.69014e-08,6.80586e-08,-1.03576e-12,-1.55143e-08,1.59849e-08]]

Rejecting initial value:
  Error evaluating the log probability at the initial value.
Exception: normal_lpdf: Location parameter[1] is -inf, but must be finite! (in 'EarlyB_BM/stan_models/multiplex_model.stan', line 120, column 2 to column 55)
[[0,0,372151,0,0,83027],[3.16077e-16,2.98053e+06,1.26402e+08,1.14194e-20,-0.000232313,0.000573671],[1.02762e-26,1.61751e+08,6.85974e+09,4.1274e-31,-6.59945e-10,1.62897e-09]]

Rejecting initial value:
  Error evaluating the log probability at the initial value.
Exception: normal_lpdf: Location parameter[1] is -inf, but must be finite! (in 'EarlyB_BM/stan_models/multiplex_model.stan', line 120, column 2 to column 55)
[[0,0,372151,0,0,83027],[2.09395e+06,8.86253e+07,1.32554e+09,3.54969e-22,8.5098e-21,-1.97441e-20],[4.17685e+08,2.25647e+11,9.01523e+12,3.55084e-39,1.05176e-36,-1.87472e-36]]

Rejecting initial value:
  Error evaluating the log probability at the initial value.
Exception: normal_lpdf: Location parameter[1] is -inf, but must be finite! (in 'EarlyB_BM/stan_models/multiplex_model.stan', line 120, column 2 to column 55)
[[0,0,372151,0,0,83027],[1.12113e+10,1.40892e+14,1.20799e+15,807.494,5.91215e+06,4.02361e+09],[7.08475e+13,4.6441e+20,3.98757e+21,1865.89,8.32319e+09,7.66199e+12]]

Rejecting initial value:
  Error evaluating the log probability at the initial value.
Exception: normal_lpdf: Location parameter[1] is -inf, but must be finite! (in 'EarlyB_BM/stan_models/multiplex_model.stan', line 120, column 2 to column 55)
[[0,0,372151,0,0,83027],[6.19991e-19,-1.65477e-11,-3.83506e-11,7.21552e-15,-1.94158e-07,-4.58247e-07],[-3.83945e-27,2.17885e-15,5.04964e-15,-1.52849e-19,9.95682e-08,2.34998e-07]]

Rejecting initial value:
  Error evaluating the log probability at the initial value.
Exception: normal_lpdf: Location parameter[1] is -inf, but must be finite! (in 'EarlyB_BM/stan_models/multiplex_model.stan', line 120, column 2 to column 55)
[[0,0,372151,0,0,83027],[7.83745,82047,1.96559e+06,1.83149,36093.6,641153],[0.0176895,250596,6.29372e+06,0.00413381,146593,2.6681e+06]]

Rejecting initial value:
  Error evaluating the log probability at the initial value.
Exception: normal_lpdf: Location parameter[1] is -inf, but must be finite! (in 'EarlyB_BM/stan_models/multiplex_model.stan', line 120, column 2 to column 55)
[[0,0,372151,0,0,83027],[2.78624e-11,-1.64299e-08,-3.84424e-08,1.9091e-10,-1.13364e-07,-2.67805e-07],[-2.50451e-13,3.26621e-09,7.6215e-09,-2.29577e-11,3.19172e-07,7.51877e-07]]

Rejecting initial value:
  Error evaluating the log probability at the initial value.
Exception: normal_lpdf: Location parameter[1] is -inf, but must be finite! (in 'EarlyB_BM/stan_models/multiplex_model.stan', line 120, column 2 to column 55)
[[0,0,372151,0,0,83027],[-2.17275e-07,4.3455e-07,-2.17275e-07,-3.18884e-08,-9.34129e-08,-1.90019e-07],[1.81814e-08,-3.63628e-08,1.81814e-08,2.66839e-09,1.96299e-07,2.05512e-07]]

Rejecting initial value:
  Error evaluating the log probability at the initial value.
Exception: normal_lpdf: Location parameter[1] is -inf, but must be finite! (in 'EarlyB_BM/stan_models/multiplex_model.stan', line 120, column 2 to column 55)
[[0,0,372151,0,0,83027],[0.000112953,-361.668,3283.97,2.29488e-05,-31.5598,120.178],[1.17355e-09,-14.5299,130.265,2.3843e-10,-0.351631,1.2793]]

Rejecting initial value:
  Error evaluating the log probability at the initial value.
Exception: normal_lpdf: Location parameter[1] is -inf, but must be finite! (in 'EarlyB_BM/stan_models/multiplex_model.stan', line 120, column 2 to column 55)
[[0,0,372151,0,0,83027],[3.38253,140.137,4387.62,3.35636e-07,9.26401e-06,-2.13191e-05],[-0.0120235,-8.55684,769.344,1.40578e-14,5.51546e-12,-1.00219e-11]]

Rejecting initial value:
  Error evaluating the log probability at the initial value.
Exception: normal_lpdf: Location parameter[1] is -inf, but must be finite! (in 'EarlyB_BM/stan_models/multiplex_model.stan', line 120, column 2 to column 55)
[[0,0,372151,0,0,83027],[3.34591e+16,2.49526e+24,1.87312e+25,221888,1.04489e+13,1.23076e+15],[3.93693e+24,4.91263e+37,3.68778e+38,1.09032e+07,8.59107e+19,1.01193e+22]]

Rejecting initial value:
  Error evaluating the log probability at the initial value.
Exception: normal_lpdf: Location parameter[1] is -inf, but must be finite! (in 'EarlyB_BM/stan_models/multiplex_model.stan', line 120, column 2 to column 55)
[[0,0,372151,0,0,83027],[5.12862e+18,2.71631e+21,5.81878e+22,3.87044e-28,1.13923e-25,-2.56823e-25],[5.57294e+29,1.86061e+34,4.32122e+35,2.59944e-49,4.80547e-45,-1.05743e-44]]

Rejecting initial value:
  Error evaluating the log probability at the initial value.
Exception: normal_lpdf: Location parameter[1] is -inf, but must be finite! (in 'EarlyB_BM/stan_models/multiplex_model.stan', line 120, column 2 to column 55)
[[0,0,372151,0,0,83027],[6.83905e+68,3.10838e+70,1.80032e+71,6.3271e+30,1.84818e+32,3.98771e+33],[3.77481e+113,1.80739e+116,1.29539e+117,-1.5672e+50,-5.05104e+52,3.53542e+54]]

Rejecting initial value:
  Error evaluating the log probability at the initial value.
Exception: normal_lpdf: Location parameter[1] is -inf, but must be finite! (in 'EarlyB_BM/stan_models/multiplex_model.stan', line 120, column 2 to column 55)
[[0,0,372151,0,0,83027],[8.48592e+40,3.72627e+42,2.3086e+43,1.03516e+15,2.64259e+16,1.34135e+18],[2.56459e+66,1.20751e+69,9.56169e+69,-2.37498e+24,-7.40072e+26,1.58321e+28]]

Rejecting initial value:
  Error evaluating the log probability at the initial value.
Exception: normal_lpdf: Location parameter[1] is -inf, but must be finite! (in 'EarlyB_BM/stan_models/multiplex_model.stan', line 120, column 2 to column 55)
[[0,0,372151,0,0,83027],[-1.22058e-29,-4.18572e-08,-1.14858e-07,-3.85196e-31,-1.01377e-09,-2.78001e-09],[-2.36013e-42,1.80416e-07,4.95069e-07,-1.01443e-44,7.52966e-10,2.06482e-09]]

Rejecting initial value:
  Error evaluating the log probability at the initial value.
Exception: normal_lpdf: Location parameter[1] is -inf, but must be finite! (in 'EarlyB_BM/stan_models/multiplex_model.stan', line 120, column 2 to column 55)
[[0,0,372151,0,0,83027],[5.12037,24.9202,7.62571,0.773048,3.66858,-2.64643],[0.000215656,-0.0118817,0.158998,8.97896e-05,0.00247996,5.21914e-05]]

Rejecting initial value:
  Error evaluating the log probability at the initial value.
Exception: normal_lpdf: Location parameter[1] is -inf, but must be finite! (in 'EarlyB_BM/stan_models/multiplex_model.stan', line 120, column 2 to column 55)
[[0,0,372151,0,0,83027],[0.16162,-3493.1,53031.6,0.0389134,123.931,31378.7],[0.000249368,-994.852,13935.3,6.00403e-05,41.0247,16504.1]]

Rejecting initial value:
  Error evaluating the log probability at the initial value.
Exception: normal_lpdf: Location parameter[1] is -inf, but must be finite! (in 'EarlyB_BM/stan_models/multiplex_model.stan', line 120, column 2 to column 55)
[[0,0,372151,0,0,83027],[1.13491e-17,5.91502e+16,7.00559e+17,1.1751e-18,-34855,234509],[1.36195e-32,9.9458e+24,1.17795e+26,1.41018e-33,-65239.6,438940]]

Rejecting initial value:
  Error evaluating the log probability at the initial value.
Exception: normal_lpdf: Location parameter[1] is -inf, but must be finite! (in 'EarlyB_BM/stan_models/multiplex_model.stan', line 120, column 2 to column 55)
[[0,0,372151,0,0,83027],[5.02692e-10,-5.70008e-08,-1.51937e-07,1.85923e-10,-2.10957e-08,-5.62602e-08],[-1.03591e-10,6.30786e-08,1.65138e-07,-5.96246e-11,3.65221e-08,9.56606e-08]]

Rejecting initial value:
  Error evaluating the log probability at the initial value.
Exception: normal_lpdf: Location parameter[1] is -inf, but must be finite! (in 'EarlyB_BM/stan_models/multiplex_model.stan', line 120, column 2 to column 55)
[[0,0,372151,0,0,83027],[-7.44897e-14,-2.14732e-07,-4.50467e-07,-2.43911e-14,-1.86251e-07,-4.00323e-07],[-1.98973e-24,8.72789e-09,1.83103e-08,-6.51522e-25,1.74882e-07,3.7589e-07]]

Rejecting initial value:
  Error evaluating the log probability at the initial value.
Exception: normal_lpdf: Location parameter[1] is -inf, but must be finite! (in 'EarlyB_BM/stan_models/multiplex_model.stan', line 120, column 2 to column 55)
[[0,0,372151,0,0,83027],[33.7064,899301,2.24475e+07,-0.0308787,-503.74,3450.69],[0.570888,1.78412e+07,4.47021e+08,-4.04585e-06,-72.2034,483.944]]

Rejecting initial value:
  Error evaluating the log probability at the initial value.
Exception: normal_lpdf: Location parameter[1] is -inf, but must be finite! (in 'EarlyB_BM/stan_models/multiplex_model.stan', line 120, column 2 to column 55)
[[0,0,372151,0,0,83027],[1.15851e-07,5.23462e-08,-2.15776e-07,2.06784e-08,-1.43953e-08,-7.94953e-08],[5.12661e-14,-3.13128e-09,-5.61541e-09,9.15168e-15,-7.39658e-08,-1.39133e-07]]

Rejecting initial value:
  Error evaluating the log probability at the initial value.
Exception: normal_lpdf: Location parameter[1] is -inf, but must be finite! (in 'EarlyB_BM/stan_models/multiplex_model.stan', line 120, column 2 to column 55)
[[0,0,372151,0,0,83027],[1.94475e-12,-4.63643e-07,4.92336e-07,3.26287e-13,-1.78764e-08,1.78935e-08],[3.00308e-08,-1.57364e-08,6.53028e-08,5.03852e-09,8.19223e-09,2.18448e-08]]

Rejecting initial value:
  Error evaluating the log probability at the initial value.
Exception: normal_lpdf: Location parameter[1] is -inf, but must be finite! (in 'EarlyB_BM/stan_models/multiplex_model.stan', line 120, column 2 to column 55)
[[0,0,372151,0,0,83027],[4.98628e+24,1.07042e+30,1.21198e+31,-0.0232852,-2981.12,16593.9],[4.50314e+38,3.18155e+47,3.60266e+48,-6.9643e-06,-2934.33,16331.3]]

Rejecting initial value:
  Error evaluating the log probability at the initial value.
Exception: normal_lpdf: Location parameter[1] is -inf, but must be finite! (in 'EarlyB_BM/stan_models/multiplex_model.stan', line 120, column 2 to column 55)
[[0,0,372151,0,0,83027],[0.000318485,81658.3,3.10517e+06,5.75107e-05,-1099.5,9353.13],[3.02078e-09,347534,1.32198e+07,5.4548e-10,-241.311,2041.06]]

Rejecting initial value:
  Error evaluating the log probability at the initial value.
Exception: normal_lpdf: Location parameter[1] is -inf, but must be finite! (in 'EarlyB_BM/stan_models/multiplex_model.stan', line 120, column 2 to column 55)
[[0,0,372151,0,0,83027],[9.42555e-11,-1.22964e-07,-3.2477e-07,1.54972e-11,-2.01701e-08,-5.32595e-08],[-1.87441e-12,6.45062e-08,1.70062e-07,-2.37246e-13,8.13695e-09,2.14466e-08]]

Rejecting initial value:
  Error evaluating the log probability at the initial value.
Exception: normal_lpdf: Location parameter[1] is -inf, but must be finite! (in 'EarlyB_BM/stan_models/multiplex_model.stan', line 120, column 2 to column 55)
[[0,0,372151,0,0,83027],[6.26798e-27,3.67983e+18,9.65017e+19,-7.00103e-67,-6.49572e-23,1.35761e-22],[3.06697e-47,1.83615e+28,4.81521e+29,-7.7406e-115,-7.26912e-41,1.51925e-40]]

Rejecting initial value:
  Error evaluating the log probability at the initial value.
Exception: normal_lpdf: Location parameter[1] is -inf, but must be finite! (in 'EarlyB_BM/stan_models/multiplex_model.stan', line 120, column 2 to column 55)
[[0,0,372151,0,0,83027],[9.55267e+65,1.99709e+80,1.41529e+81,-1.78024e+25,-2.35914e+39,3.93368e+41],[1.48211e+107,9.21952e+130,6.53363e+131,-3.02104e+40,-1.1912e+64,1.98623e+66]]

Rejecting initial value:
  Error evaluating the log probability at the initial value.
Exception: normal_lpdf: Location parameter[1] is -inf, but must be finite! (in 'EarlyB_BM/stan_models/multiplex_model.stan', line 120, column 2 to column 55)
[[0,0,372151,0,0,83027],[312.365,41756.8,764413,128.333,148940,1.18316e+06],[4.50249,42593.6,1.36681e+06,2.15648,952153,7.9033e+06]]

Rejecting initial value:
  Error evaluating the log probability at the initial value.
Exception: normal_lpdf: Location parameter[1] is -inf, but must be finite! (in 'EarlyB_BM/stan_models/multiplex_model.stan', line 120, column 2 to column 55)
[[0,0,372151,0,0,83027],[2.13045e-11,-3.03677e-08,-5.31884e-08,-3.15168e-12,-1.67374e-08,-3.25313e-08],[5.14843e-19,4.09922e-08,8.06654e-08,-7.61633e-20,2.42528e-07,4.92582e-07]]

Rejecting initial value:
  Error evaluating the log probability at the initial value.
Exception: normal_lpdf: Location parameter[1] is -inf, but must be finite! (in 'EarlyB_BM/stan_models/multiplex_model.stan', line 120, column 2 to column 55)
[[0,0,372151,0,0,83027],[1.12909e+13,7.86916e+14,5.68749e+15,756626,2.9746e+07,1.17775e+09],[9.87661e+18,1.07628e+22,9.43351e+22,-4.22709e+07,-3.32365e+10,1.82708e+12]]

Rejecting initial value:
  Error evaluating the log probability at the initial value.
Exception: normal_lpdf: Location parameter[1] is -inf, but must be finite! (in 'EarlyB_BM/stan_models/multiplex_model.stan', line 120, column 2 to column 55)
[[0,0,372151,0,0,83027],[303630,2.82408e+17,2.51795e+18,-0.000915031,-3.98317e+08,1.10717e+10],[1.13878e+06,1.25427e+26,1.11831e+27,-2.29248e-08,-1.18166e+12,3.28459e+13]]

Rejecting initial value:
  Error evaluating the log probability at the initial value.
Exception: normal_lpdf: Location parameter[1] is -inf, but must be finite! (in 'EarlyB_BM/stan_models/multiplex_model.stan', line 120, column 2 to column 55)
[[0,0,372151,0,0,83027],[7.00417e-10,1.01117e-07,2.79028e-07,4.91422e-11,2.64086e-08,7.09627e-08],[7.36384e-18,5.39932e-08,1.14024e-07,4.49323e-19,2.14094e-08,4.5427e-08]]

Rejecting initial value:
  Error evaluating the log probability at the initial value.
Exception: normal_lpdf: Location parameter[1] is -inf, but must be finite! (in 'EarlyB_BM/stan_models/multiplex_model.stan', line 120, column 2 to column 55)
[[0,0,372151,0,0,83027],[1.52895e+12,9.50565e+13,8.03171e+14,-443.911,-21634,429766],[4.54284e+17,4.26205e+20,4.70169e+21,-772.931,-480206,4.49578e+06]]

Rejecting initial value:
  Error evaluating the log probability at the initial value.
Exception: normal_lpdf: Location parameter[1] is -inf, but must be finite! (in 'EarlyB_BM/stan_models/multiplex_model.stan', line 120, column 2 to column 55)
[[0,0,372151,0,0,83027],[3.12031e+87,8.26445e+101,5.95135e+102,-9.21491e+33,-1.55382e+48,9.42665e+49],[1.295e+143,1.17744e+167,8.4789e+167,-6.13963e+54,-3.55387e+78,2.15605e+80]]

Rejecting initial value:
  Error evaluating the log probability at the initial value.
Exception: normal_lpdf: Location parameter[1] is -inf, but must be finite! (in 'EarlyB_BM/stan_models/multiplex_model.stan', line 120, column 2 to column 55)
[[0,0,372151,0,0,83027],[3.94114e-08,3.46273e-07,-3.85671e-07,1.70464e-08,1.61942e-07,-1.79138e-07],[6.03493e-11,-1.85644e-07,-4.05208e-07,1.16062e-11,-1.08076e-08,-2.28402e-08]]

Rejecting initial value:
  Error evaluating the log probability at the initial value.
Exception: normal_lpdf: Location parameter[1] is -inf, but must be finite! (in 'EarlyB_BM/stan_models/multiplex_model.stan', line 120, column 2 to column 55)
[[0,0,372151,0,0,83027],[0.00825596,2.14718e+12,1.72686e+13,0.0014926,3.00013e+08,6.51793e+09],[4.23253e-07,3.02892e+17,2.43599e+18,7.65204e-08,5.72239e+11,1.24322e+13]]

Rejecting initial value:
  Error evaluating the log probability at the initial value.
Exception: normal_lpdf: Location parameter[1] is -inf, but must be finite! (in 'EarlyB_BM/stan_models/multiplex_model.stan', line 120, column 2 to column 55)
[[0,0,372151,0,0,83027],[3.9484e-15,-7.8968e-15,3.9484e-15,5.54901e-16,2.94141e-07,3.77838e-07],[1.52382e-25,-3.04765e-25,1.52382e-25,2.14155e-26,4.23643e-08,5.44189e-08]]

Rejecting initial value:
  Error evaluating the log probability at the initial value.
Exception: normal_lpdf: Location parameter[1] is -inf, but must be finite! (in 'EarlyB_BM/stan_models/multiplex_model.stan', line 120, column 2 to column 55)
[[0,0,372151,0,0,83027],[0.000869383,-1863.12,41495.8,0.000178115,-252.261,1733.02],[2.86872e-08,-424.249,9357.48,5.87729e-09,-17.7158,119.104]]

Rejecting initial value:
  Error evaluating the log probability at the initial value.
Exception: normal_lpdf: Location parameter[1] is -inf, but must be finite! (in 'EarlyB_BM/stan_models/multiplex_model.stan', line 120, column 2 to column 55)
[[0,0,372151,0,0,83027],[-3.578e-08,-8.27099e-06,8.30677e-06,-5.6346e-09,-1.81996e-06,1.8256e-06],[-4.63875e-09,9.73054e-08,4.95394e-07,-7.30505e-10,1.53681e-08,9.3727e-08]]

Rejecting initial value:
  Error evaluating the log probability at the initial value.
Exception: normal_lpdf: Location parameter[1] is -inf, but must be finite! (in 'EarlyB_BM/stan_models/multiplex_model.stan', line 120, column 2 to column 55)
[[0,0,372151,0,0,83027],[5.7924,2.34015e+09,2.23789e+10,0.130945,2.43791e+06,7.52299e+07],[0.00522865,4.09465e+12,3.91575e+13,1.48681e-05,2.484e+08,7.67304e+09]]

Rejecting initial value:
  Error evaluating the log probability at the initial value.
Exception: normal_lpdf: Location parameter[1] is -inf, but must be finite! (in 'EarlyB_BM/stan_models/multiplex_model.stan', line 120, column 2 to column 55)
[[0,0,372151,0,0,83027],[4.83704e+26,5.67579e+39,4.08181e+40,3.13123e+07,2.22659e+20,5.03214e+22],[3.33937e+41,1.87886e+63,1.3512e+64,6.34361e+10,2.16295e+32,4.8883e+34]]

Rejecting initial value:
  Error evaluating the log probability at the initial value.
Exception: normal_lpdf: Location parameter[1] is -inf, but must be finite! (in 'EarlyB_BM/stan_models/multiplex_model.stan', line 120, column 2 to column 55)
[[0,0,372151,0,0,83027],[5.95529e+67,1.92259e+70,1.32444e+71,6.22166e+30,1.11628e+33,6.93518e+35],[1.53249e+111,1.85385e+115,1.32415e+116,-3.74633e+51,-3.04194e+55,3.93463e+57]]

Rejecting initial value:
  Error evaluating the log probability at the initial value.
Exception: normal_lpdf: Location parameter[1] is -inf, but must be finite! (in 'EarlyB_BM/stan_models/multiplex_model.stan', line 120, column 2 to column 55)
[[0,0,372151,0,0,83027],[-5.35188e-17,-2.03313e-11,-4.70112e-11,8.0023e-14,-1.97998e-08,-4.65422e-08],[-1.09994e-21,9.39758e-14,2.17297e-13,-3.34828e-16,3.36156e-08,7.90178e-08]]

Rejecting initial value:
  Error evaluating the log probability at the initial value.
Exception: normal_lpdf: Location parameter[1] is -inf, but must be finite! (in 'EarlyB_BM/stan_models/multiplex_model.stan', line 120, column 2 to column 55)
[[0,0,372151,0,0,83027],[1.59313e-10,-1.4058e-08,-2.78735e-08,2.84568e-09,-3.1041e-07,-6.45229e-07],[4.63327e-15,-7.24663e-12,-1.42646e-11,3.54607e-11,-6.95514e-08,-1.43387e-07]]

Rejecting initial value:
  Error evaluating the log probability at the initial value.
Exception: normal_lpdf: Location parameter[1] is -inf, but must be finite! (in 'EarlyB_BM/stan_models/multiplex_model.stan', line 120, column 2 to column 55)
[[0,0,372151,0,0,83027],[7.04387e+36,2.36561e+49,2.98404e+50,-1.10232e-18,-2.07315e-06,8.36046e-06],[7.17367e+58,5.10203e+79,6.43584e+80,-3.18321e-33,-1.26781e-12,5.11275e-12]]

Rejecting initial value:
  Error evaluating the log probability at the initial value.
Exception: normal_lpdf: Location parameter[1] is -inf, but must be finite! (in 'EarlyB_BM/stan_models/multiplex_model.stan', line 120, column 2 to column 55)
[[0,0,372151,0,0,83027],[-1.13516e-24,6.21152e-20,1.15145e-19,-2.79587e-12,1.40312e-07,2.84907e-07],[6.23584e-38,-1.41845e-30,-2.62943e-30,1.82149e-15,-6.54799e-08,-1.32957e-07]]

Rejecting initial value:
  Error evaluating the log probability at the initial value.
Exception: normal_lpdf: Location parameter[1] is -inf, but must be finite! (in 'EarlyB_BM/stan_models/multiplex_model.stan', line 120, column 2 to column 55)
[[0,0,372151,0,0,83027],[73906.3,7.95487e+06,1.05332e+08,-8.89151,-1089.63,18482.1],[160340,4.57842e+08,8.0854e+09,-0.628852,-1263.39,12224.9]]

Rejecting initial value:
  Error evaluating the log probability at the initial value.
Exception: normal_lpdf: Location parameter[1] is -inf, but must be finite! (in 'EarlyB_BM/stan_models/multiplex_model.stan', line 120, column 2 to column 55)
[[0,0,372151,0,0,83027],[0.041321,0.3346,2.3721,0.00393421,0.0475568,-0.0579972],[-2.20387e-06,-0.00056165,0.00269752,1.94154e-08,2.78038e-06,-3.21351e-06]]

Rejecting initial value:
  Error evaluating the log probability at the initial value.
Exception: normal_lpdf: Location parameter[1] is -inf, but must be finite! (in 'EarlyB_BM/stan_models/multiplex_model.stan', line 120, column 2 to column 55)
[[0,0,372151,0,0,83027],[7.27551e-08,-7.74019e-05,7.73345e-05,2.43142e-08,-1.75559e-05,1.75356e-05],[2.68743e-09,-3.07147e-07,3.38433e-07,8.98119e-10,-6.91134e-08,7.86654e-08]]

Rejecting initial value:
  Error evaluating the log probability at the initial value.
Exception: normal_lpdf: Location parameter[1] is -inf, but must be finite! (in 'EarlyB_BM/stan_models/multiplex_model.stan', line 120, column 2 to column 55)
[[0,0,372151,0,0,83027],[6.25511e+14,3.87401e+30,2.89109e+31,-0.143378,-4.73861e+14,6.06583e+17],[4.09821e+21,9.1216e+47,6.80726e+48,-0.00180231,-2.14066e+23,2.74024e+26]]

Rejecting initial value:
  Error evaluating the log probability at the initial value.
Exception: normal_lpdf: Location parameter[1] is -inf, but must be finite! (in 'EarlyB_BM/stan_models/multiplex_model.stan', line 120, column 2 to column 55)
[[0,0,372151,0,0,83027],[-1.537e-14,1.62585e-11,3.72723e-11,-6.45321e-11,4.68607e-08,1.09863e-07],[2.87275e-19,-5.18699e-15,-1.18753e-14,1.08687e-11,-2.24755e-07,-5.25724e-07]]

Rejecting initial value:
  Error evaluating the log probability at the initial value.
Exception: normal_lpdf: Location parameter[1] is -inf, but must be finite! (in 'EarlyB_BM/stan_models/multiplex_model.stan', line 120, column 2 to column 55)
[[0,0,372151,0,0,83027],[4.25724e+10,2.36106e+14,1.80932e+15,694784,2.74584e+09,6.4051e+10],[6.15367e+14,1.00369e+21,7.71347e+21,2.76739e+07,3.24513e+13,7.69782e+14]]

Rejecting initial value:
  Error evaluating the log probability at the initial value.
Exception: normal_lpdf: Location parameter[1] is -inf, but must be finite! (in 'EarlyB_BM/stan_models/multiplex_model.stan', line 120, column 2 to column 55)
[[0,0,372151,0,0,83027],[1.75061e+11,1.71866e+17,1.31005e+18,46093.5,2.98027e+10,1.07582e+12],[5.76339e+15,5.49642e+25,4.1897e+26,343505,2.15809e+15,7.79201e+16]]

Rejecting initial value:
  Error evaluating the log probability at the initial value.
Exception: normal_lpdf: Location parameter[1] is -inf, but must be finite! (in 'EarlyB_BM/stan_models/multiplex_model.stan', line 120, column 2 to column 55)
[[0,0,372151,0,0,83027],[4.39746,44.4439,589.112,0.243211,2.27162,1.06796],[-0.00575196,-1.59074,17.3015,-1.03082e-05,-0.00300184,0.0125062]]

Rejecting initial value:
  Error evaluating the log probability at the initial value.
Exception: normal_lpdf: Location parameter[1] is -inf, but must be finite! (in 'EarlyB_BM/stan_models/multiplex_model.stan', line 120, column 2 to column 55)
[[0,0,372151,0,0,83027],[1.08539e+63,8.12837e+68,5.66919e+69,1.00956e+29,5.0247e+34,1.42777e+37],[3.39398e+102,1.68344e+112,1.17415e+113,1.43149e+47,4.71945e+56,1.34271e+59]]

Rejecting initial value:
  Error evaluating the log probability at the initial value.
Exception: normal_lpdf: Location parameter[1] is -inf, but must be finite! (in 'EarlyB_BM/stan_models/multiplex_model.stan', line 120, column 2 to column 55)
[[0,0,372151,0,0,83027],[4.52022e+65,1.0896e+76,7.54278e+76,4.28981e+28,6.72917e+38,1.30756e+41],[4.97134e+106,8.21857e+123,5.68932e+124,1.74194e+46,1.87401e+63,3.64143e+65]]

Rejecting initial value:
  Error evaluating the log probability at the initial value.
Exception: normal_lpdf: Location parameter[1] is -inf, but must be finite! (in 'EarlyB_BM/stan_models/multiplex_model.stan', line 120, column 2 to column 55)
[[0,0,372151,0,0,83027],[2.32572e-10,-3.48091e-07,-8.24896e-07,2.37431e-11,-3.53573e-08,-8.32852e-08],[-2.83984e-12,1.65449e-07,3.91644e-07,-1.0927e-13,6.07591e-09,1.42966e-08]]

Rejecting initial value:
  Error evaluating the log probability at the initial value.
Exception: normal_lpdf: Location parameter[1] is -inf, but must be finite! (in 'EarlyB_BM/stan_models/multiplex_model.stan', line 120, column 2 to column 55)
[[0,0,372151,0,0,83027],[-0.0287487,-7.83962,364.945,5.44061e-09,7.46946e-07,-1.17149e-06],[-2.28069e-05,-0.263728,8.58018,5.15276e-18,3.10609e-14,-4.52572e-14]]

Rejecting initial value:
  Error evaluating the log probability at the initial value.
Exception: normal_lpdf: Location parameter[1] is -inf, but must be finite! (in 'EarlyB_BM/stan_models/multiplex_model.stan', line 120, column 2 to column 55)
[[0,0,372151,0,0,83027],[-2.1311e-14,3.39975e-08,8.2577e-08,-1.26509e-14,2.08693e-08,5.0855e-08],[-3.1371e-18,6.49837e-08,1.5784e-07,-6.41651e-18,1.37217e-07,3.34375e-07]]

Rejecting initial value:
  Error evaluating the log probability at the initial value.
Exception: normal_lpdf: Location parameter[1] is -inf, but must be finite! (in 'EarlyB_BM/stan_models/multiplex_model.stan', line 120, column 2 to column 55)
[[0,0,372151,0,0,83027],[-1.67541e-12,6.74263e-11,1.53597e-10,-7.22972e-09,3.3424e-07,7.83117e-07],[5.93431e-18,-1.53168e-15,-3.37965e-15,2.77061e-10,-8.38585e-08,-1.90502e-07]]

Rejecting initial value:
  Error evaluating the log probability at the initial value.
Exception: normal_lpdf: Location parameter[1] is -inf, but must be finite! (in 'EarlyB_BM/stan_models/multiplex_model.stan', line 120, column 2 to column 55)
[[0,0,372151,0,0,83027],[0.523019,-1316.86,15843.1,0.119031,-298.746,4144.7],[0.000169304,-192.484,1919.75,3.85309e-05,-48.8137,561.457]]

Rejecting initial value:
  Error evaluating the log probability at the initial value.
Exception: normal_lpdf: Location parameter[1] is -inf, but must be finite! (in 'EarlyB_BM/stan_models/multiplex_model.stan', line 120, column 2 to column 55)
[[0,0,372151,0,0,83027],[3.67176e+68,2.32839e+109,1.60525e+110,2.07385e+14,7.46901e+54,3.84475e+57],[1.97389e+111,1.85968e+179,1.28211e+180,2.34647e+22,1.25556e+90,6.46311e+92]]

Rejecting initial value:
  Error evaluating the log probability at the initial value.
Exception: normal_lpdf: Location parameter[1] is -inf, but must be finite! (in 'EarlyB_BM/stan_models/multiplex_model.stan', line 120, column 2 to column 55)
[[0,0,372151,0,0,83027],[-1.08089e-39,1.47241e-07,3.9966e-07,-9.86605e-41,1.01723e-08,2.7597e-08],[-3.80051e-61,3.58402e-08,9.72821e-08,-9.32669e-63,8.27047e-10,2.24374e-09]]

Rejecting initial value:
  Error evaluating the log probability at the initial value.
Exception: normal_lpdf: Location parameter[1] is -inf, but must be finite! (in 'EarlyB_BM/stan_models/multiplex_model.stan', line 120, column 2 to column 55)
[[0,0,372151,0,0,83027],[-4.09941e-44,2.70702e-07,7.53962e-07,-1.8208e-45,1.89622e-09,5.27756e-09],[-3.23347e-68,1.17944e-07,3.28497e-07,-1.10154e-71,3.60323e-11,1.00285e-10]]

Rejecting initial value:
  Error evaluating the log probability at the initial value.
Exception: normal_lpdf: Location parameter[1] is -inf, but must be finite! (in 'EarlyB_BM/stan_models/multiplex_model.stan', line 120, column 2 to column 55)
[[0,0,372151,0,0,83027],[-0.023575,-743.475,62526.5,-2.06687e-05,-0.349045,1.02799],[-7.25763e-06,-301.797,25047.6,-1.1958e-11,-0.000225453,0.000619865]]

Rejecting initial value:
  Error evaluating the log probability at the initial value.
Exception: normal_lpdf: Location parameter[1] is -inf, but must be finite! (in 'EarlyB_BM/stan_models/multiplex_model.stan', line 120, column 2 to column 55)
[[0,0,372151,0,0,83027],[3.41285e-13,-6.33216e-08,-1.68797e-07,1.8229e-13,-3.38638e-08,-9.03096e-08],[-2.56832e-15,2.75122e-07,7.33386e-07,-2.74189e-15,2.95654e-07,7.88453e-07]]

Rejecting initial value:
  Error evaluating the log probability at the initial value.
Exception: normal_lpdf: Location parameter[1] is -inf, but must be finite! (in 'EarlyB_BM/stan_models/multiplex_model.stan', line 120, column 2 to column 55)
[[0,0,372151,0,0,83027],[5.51378e-24,1.71037e-16,2.43034e-16,7.4732e-25,1.4376e-07,2.52241e-07],[1.84545e-42,6.22267e-27,8.84209e-27,2.50127e-43,3.26356e-07,5.72624e-07]]

Rejecting initial value:
  Error evaluating the log probability at the initial value.
Exception: normal_lpdf: Location parameter[1] is -inf, but must be finite! (in 'EarlyB_BM/stan_models/multiplex_model.stan', line 120, column 2 to column 55)
[[0,0,372151,0,0,83027],[4.31771e+18,5.71321e+27,4.14288e+28,3.08309e+06,2.55243e+15,1.61476e+17],[1.25792e+28,1.88572e+43,1.36741e+44,5.70599e+08,5.35173e+23,3.3857e+25]]

Rejecting initial value:
  Error evaluating the log probability at the initial value.
Exception: normal_lpdf: Location parameter[1] is -inf, but must be finite! (in 'EarlyB_BM/stan_models/multiplex_model.stan', line 120, column 2 to column 55)
[[0,0,372151,0,0,83027],[1.15111e-11,-1.02362e-08,9.93503e-09,2.29443e-12,-2.29601e-09,2.22256e-09],[-4.66036e-13,3.682e-08,7.58919e-08,-9.28915e-14,6.94408e-09,1.42403e-08]]

Rejecting initial value:
  Error evaluating the log probability at the initial value.
Exception: normal_lpdf: Location parameter[1] is -inf, but must be finite! (in 'EarlyB_BM/stan_models/multiplex_model.stan', line 120, column 2 to column 55)
[[0,0,372151,0,0,83027],[2.30822e+06,3.11167e+08,4.70062e+09,-0.0307857,-2.78356,14.7891],[9.17563e+07,3.40587e+11,6.575e+12,-1.41284e-05,-0.0326053,0.143296]]

Rejecting initial value:
  Error evaluating the log probability at the initial value.
Exception: normal_lpdf: Location parameter[1] is -inf, but must be finite! (in 'EarlyB_BM/stan_models/multiplex_model.stan', line 120, column 2 to column 55)
[[0,0,372151,0,0,83027],[3.16367e-06,-8.05127e-05,8.10001e-05,7.25988e-07,-2.02191e-05,2.05363e-05],[8.25841e-09,-1.96318e-08,5.84602e-08,1.89511e-09,-4.83433e-09,1.41478e-08]]

Rejecting initial value:
  Error evaluating the log probability at the initial value.
Exception: normal_lpdf: Location parameter[1] is -inf, but must be finite! (in 'EarlyB_BM/stan_models/multiplex_model.stan', line 120, column 2 to column 55)
[[0,0,372151,0,0,83027],[-7.96435e-30,2.20732e-07,5.67805e-07,-2.22564e-30,1.64843e-07,4.24647e-07],[-2.61655e-46,9.40282e-08,2.41875e-07,-6.21235e-46,2.34034e-07,6.02888e-07]]

Rejecting initial value:
  Error evaluating the log probability at the initial value.
Exception: normal_lpdf: Location parameter[1] is -inf, but must be finite! (in 'EarlyB_BM/stan_models/multiplex_model.stan', line 120, column 2 to column 55)
[[0,0,372151,0,0,83027],[1.87657e-29,1.33273e-12,2.68419e-12,-9.05147e-30,3.37901e-08,7.19076e-08],[2.78708e-53,5.26561e-19,1.06052e-18,-1.34433e-53,2.91918e-08,6.2122e-08]]

Rejecting initial value:
  Error evaluating the log probability at the initial value.
Exception: normal_lpdf: Location parameter[1] is -inf, but must be finite! (in 'EarlyB_BM/stan_models/multiplex_model.stan', line 120, column 2 to column 55)
[[0,0,372151,0,0,83027],[5.3552e+51,2.28316e+54,2.41891e+55,-0.0632782,-16.3528,87.4233],[8.25654e+84,1.763e+89,1.95514e+90,-0.000367492,-4.74833,24.1901]]

Rejecting initial value:
  Error evaluating the log probability at the initial value.
Exception: normal_lpdf: Location parameter[1] is -inf, but must be finite! (in 'EarlyB_BM/stan_models/multiplex_model.stan', line 120, column 2 to column 55)
[[0,0,372151,0,0,83027],[637.326,1.18833e+08,1.17344e+09,20.6585,1.98175e+06,3.35615e+07],[24.6963,2.98099e+10,2.94611e+11,0.159169,1.22603e+08,2.08821e+09]]

Rejecting initial value:
  Error evaluating the log probability at the initial value.
Exception: normal_lpdf: Location parameter[1] is -inf, but must be finite! (in 'EarlyB_BM/stan_models/multiplex_model.stan', line 120, column 2 to column 55)
[[0,0,372151,0,0,83027],[5.11708e-08,-1.02461e-07,5.09171e-08,7.95848e-08,-5.75222e-07,-3.55123e-07],[3.3215e-11,-6.64317e-11,3.32112e-11,3.37081e-10,-7.85226e-08,-7.90281e-08]]

Rejecting initial value:
  Error evaluating the log probability at the initial value.
Exception: normal_lpdf: Location parameter[1] is -inf, but must be finite! (in 'EarlyB_BM/stan_models/multiplex_model.stan', line 120, column 2 to column 55)
[[0,0,372151,0,0,83027],[2.94141e+108,1.12379e+112,7.73425e+112,6.89354e+51,1.7373e+55,1.01988e+58],[1.26941e+179,9.253e+184,6.38768e+185,7.35074e+85,3.58743e+91,3.9774e+94]]

Rejecting initial value:
  Error evaluating the log probability at the initial value.
Exception: normal_lpdf: Location parameter[1] is -inf, but must be finite! (in 'EarlyB_BM/stan_models/multiplex_model.stan', line 120, column 2 to column 55)
[[0,0,372151,0,0,83027],[1.75204e-12,-3.0974,32.4246,2.90447e-13,-0.000353942,0.000483541],[3.22235e-23,-0.00576792,0.060378,5.34189e-24,-6.84164e-10,8.60705e-10]]

Rejecting initial value:
  Error evaluating the log probability at the initial value.
Exception: normal_lpdf: Location parameter[1] is -inf, but must be finite! (in 'EarlyB_BM/stan_models/multiplex_model.stan', line 120, column 2 to column 55)
[[0,0,372151,0,0,83027],[4.75627e-08,-0.00120131,0.0690697,-3.63751e-23,7.27501e-23,-3.63751e-23],[-1.99599e-07,3.19453e-07,4.3857e-06,1.5265e-22,-3.05299e-22,1.5265e-22]]

Rejecting initial value:
  Error evaluating the log probability at the initial value.
Exception: normal_lpdf: Location parameter[1] is -inf, but must be finite! (in 'EarlyB_BM/stan_models/multiplex_model.stan', line 120, column 2 to column 55)
[[0,0,372151,0,0,83027],[0.00264148,7.65735e+09,1.17596e+11,-1.87435e-09,-1125.01,6913.93],[4.13044e-08,4.17414e+13,6.41033e+14,-1.23643e-18,-216.003,1327.37]]

Rejecting initial value:
  Error evaluating the log probability at the initial value.
Exception: normal_lpdf: Location parameter[1] is -inf, but must be finite! (in 'EarlyB_BM/stan_models/multiplex_model.stan', line 120, column 2 to column 55)
[[0,0,372151,0,0,83027],[5.27498e+12,2.85781e+28,2.27803e+29,-0.0204629,-5.71885e+13,2.28524e+15],[1.46339e+18,2.66528e+44,2.12455e+45,-6.59782e-06,-6.19883e+20,2.47704e+22]]

Rejecting initial value:
  Error evaluating the log probability at the initial value.
Exception: normal_lpdf: Location parameter[1] is -inf, but must be finite! (in 'EarlyB_BM/stan_models/multiplex_model.stan', line 120, column 2 to column 55)
[[0,0,372151,0,0,83027],[-2.72295e-11,-5.60408e-08,6.27482e-08,-4.3342e-12,-3.26544e-10,2.60755e-10],[4.54878e-07,-8.90574e-07,4.49818e-07,7.24042e-08,-9.00753e-08,1.08385e-07]]

Rejecting initial value:
  Error evaluating the log probability at the initial value.
Exception: normal_lpdf: Location parameter[1] is -inf, but must be finite! (in 'EarlyB_BM/stan_models/multiplex_model.stan', line 120, column 2 to column 55)
[[0,0,372151,0,0,83027],[-2.37729e-19,2.41078e-14,4.90829e-14,-1.20012e-11,5.63547e-08,1.20918e-07],[1.2968e-25,-5.46626e-20,-1.11299e-19,9.91213e-14,-5.57313e-08,-1.19551e-07]]

Rejecting initial value:
  Error evaluating the log probability at the initial value.
Exception: normal_lpdf: Location parameter[1] is -inf, but must be finite! (in 'EarlyB_BM/stan_models/multiplex_model.stan', line 120, column 2 to column 55)
[[0,0,372151,0,0,83027],[6.82283e-05,5.40486e+19,3.97183e+20,4.74952e-06,1.31075e+12,4.12839e+13],[1.77163e-11,6.40554e+29,4.70719e+30,1.22242e-12,8.74166e+17,2.7533e+19]]

Rejecting initial value:
  Error evaluating the log probability at the initial value.
Exception: normal_lpdf: Location parameter[1] is -inf, but must be finite! (in 'EarlyB_BM/stan_models/multiplex_model.stan', line 120, column 2 to column 55)
[[0,0,372151,0,0,83027],[1.72165e-17,24540.2,2.54675e+06,1.51316e-18,-0.000301311,0.000675184],[2.82123e-13,95589.8,9.92018e+06,2.48367e-14,-4.24483e-09,9.54403e-09]]

Rejecting initial value:
  Error evaluating the log probability at the initial value.
Exception: normal_lpdf: Location parameter[1] is -inf, but must be finite! (in 'EarlyB_BM/stan_models/multiplex_model.stan', line 120, column 2 to column 55)
[[0,0,372151,0,0,83027],[0.0459167,-18.0574,22.1566,0.0149633,-6.8589,16.9595],[1.86825e-05,-0.0599487,0.0620068,6.08823e-06,-0.036353,0.0613535]]

Rejecting initial value:
  Error evaluating the log probability at the initial value.
Exception: normal_lpdf: Location parameter[1] is -inf, but must be finite! (in 'EarlyB_BM/stan_models/multiplex_model.stan', line 120, column 2 to column 55)
[[0,0,372151,0,0,83027],[1.01555e+32,1.95274e+42,1.3775e+43,2.462e+12,3.00817e+22,2.83649e+24],[2.85027e+50,3.45663e+67,2.43836e+68,6.2013e+18,4.77885e+35,4.50611e+37]]

Rejecting initial value:
  Error evaluating the log probability at the initial value.
Exception: normal_lpdf: Location parameter[1] is -inf, but must be finite! (in 'EarlyB_BM/stan_models/multiplex_model.stan', line 120, column 2 to column 55)
[[0,0,372151,0,0,83027],[4.13911e+46,8.61949e+78,6.08493e+79,-7.84218e+06,-9.08565e+38,2.27891e+41],[5.02745e+74,3.53541e+128,2.49582e+129,-5.79835e+09,-2.26851e+63,5.69001e+65]]

Rejecting initial value:
  Error evaluating the log probability at the initial value.
Exception: normal_lpdf: Location parameter[1] is -inf, but must be finite! (in 'EarlyB_BM/stan_models/multiplex_model.stan', line 120, column 2 to column 55)
[[0,0,372151,0,0,83027],[2.09984e+66,3.39066e+67,1.48157e+68,8.15119e+26,8.27831e+27,5.59993e+28],[8.03051e+109,7.37847e+111,4.97443e+112,-1.35417e+43,-8.88188e+44,1.37293e+47]]

Rejecting initial value:
  Error evaluating the log probability at the initial value.
Exception: normal_lpdf: Location parameter[1] is -inf, but must be finite! (in 'EarlyB_BM/stan_models/multiplex_model.stan', line 120, column 2 to column 55)
[[0,0,372151,0,0,83027],[6.91272e-05,-1.97398,2.30724,1.63993e-05,-0.512671,0.659335],[1.23299e-09,-0.000903984,0.000934995,2.92507e-10,-0.000253295,0.000274755]]

Rejecting initial value:
  Error evaluating the log probability at the initial value.
Exception: normal_lpdf: Location parameter[1] is -inf, but must be finite! (in 'EarlyB_BM/stan_models/multiplex_model.stan', line 120, column 2 to column 55)
[[0,0,372151,0,0,83027],[1.10364e+29,4.61598e+61,3.28023e+62,-0.0131063,-2.76889e+30,1.2307e+33],[2.24129e+45,5.48568e+99,3.89826e+100,-1.61297e-05,-1.9941e+49,8.86326e+51]]

Rejecting initial value:
  Error evaluating the log probability at the initial value.
Exception: normal_lpdf: Location parameter[1] is -inf, but must be finite! (in 'EarlyB_BM/stan_models/multiplex_model.stan', line 120, column 2 to column 55)
[[0,0,372151,0,0,83027],[-5.30667e-10,3.53324e-07,8.96269e-07,-5.0244e-10,3.41475e-07,8.68049e-07],[-8.43348e-13,1.3895e-08,3.51352e-08,-3.14945e-12,5.30746e-08,1.34496e-07]]

Rejecting initial value:
  Error evaluating the log probability at the initial value.
Exception: normal_lpdf: Location parameter[1] is -inf, but must be finite! (in 'EarlyB_BM/stan_models/multiplex_model.stan', line 120, column 2 to column 55)
[[0,0,372151,0,0,83027],[8.10968e+61,3.59608e+75,2.76243e+76,-1.30774e+19,-3.60237e+32,8.89618e+33],[2.67613e+100,1.28117e+123,9.84168e+123,-5.18294e+29,-1.54141e+52,3.80656e+53]]

Rejecting initial value:
  Error evaluating the log probability at the initial value.
Exception: normal_lpdf: Location parameter[1] is -inf, but must be finite! (in 'EarlyB_BM/stan_models/multiplex_model.stan', line 120, column 2 to column 55)
[[0,0,372151,0,0,83027],[5.59734e+33,2.87383e+37,3.04879e+38,-68.6882,-215474,1.31625e+06],[1.09033e+54,1.47951e+60,1.57563e+61,-8.20612,-6.79988e+06,4.13329e+07]]

Rejecting initial value:
  Error evaluating the log probability at the initial value.
Exception: normal_lpdf: Location parameter[1] is -inf, but must be finite! (in 'EarlyB_BM/stan_models/multiplex_model.stan', line 120, column 2 to column 55)
[[0,0,372151,0,0,83027],[-1.55158e-12,2.04445e-07,4.81441e-07,-3.44748e-13,4.32463e-08,1.01796e-07],[-1.15556e-23,7.82453e-08,1.84248e-07,-2.32246e-24,1.51278e-08,3.56071e-08]]

Rejecting initial value:
  Error evaluating the log probability at the initial value.
Exception: normal_lpdf: Location parameter[1] is -inf, but must be finite! (in 'EarlyB_BM/stan_models/multiplex_model.stan', line 120, column 2 to column 55)
[[0,0,372151,0,0,83027],[9.85302e-10,-1.66394e-09,7.28148e-08,1.51543e-10,2.24248e-09,1.98512e-08],[1.06981e-13,8.83153e-09,1.30728e-08,1.6454e-14,2.8394e-07,4.75829e-07]]

Rejecting initial value:
  Error evaluating the log probability at the initial value.
Exception: normal_lpdf: Location parameter[1] is -inf, but must be finite! (in 'EarlyB_BM/stan_models/multiplex_model.stan', line 120, column 2 to column 55)

Initialization between (-2, 2) failed after 100 attempts. 
 Try specifying initial values, reducing ranges of constrained values, or reparameterizing the model.
