method = sample (Default)
  sample
    num_samples = 2500
    num_warmup = 500
    save_warmup = 0 (Default)
    thin = 1 (Default)
    adapt
      engaged = 1 (Default)
method = sample (Default)
  sample
    num_samples = 2500
    num_warmup = 500
    save_warmup = 0 (Default)
    thin = 1 (Default)
    adapt
      engaged = 1 (Default)
      gamma = 0.050000000000000003 (Default)
      gamma = 0.050000000000000003 (Default)
      delta = 0.80000000000000004 (Default)
      kappa = 0.75 (Default)
      delta = 0.80000000000000004 (Default)
      kappa = 0.75 (Default)
      t0 = 10 (Default)
      init_buffer = 75 (Default)
      t0 = 10 (Default)
      init_buffer = 75 (Default)
      term_buffer = 50 (Default)
      window = 25 (Default)
    algorithm = hmc (Default)
      hmc
method = sample (Default)
  sample
        engine = nuts (Default)
      term_buffer = 50 (Default)
    num_samples = 2500
    num_warmup = 500
    save_warmup = 0 (Default)
    thin = 1 (Default)
          nuts
    adapt
      engaged = 1 (Default)
      gamma = 0.050000000000000003 (Default)
      delta = 0.80000000000000004 (Default)
      window = 25 (Default)
    algorithm = hmc (Default)
      kappa = 0.75 (Default)
      hmc
      t0 = 10 (Default)
            max_depth = 10 (Default)
      init_buffer = 75 (Default)
method = sample (Default)
  sample
      term_buffer = 50 (Default)
      window = 25 (Default)
    num_samples = 2500
        metric = diag_e (Default)
    num_warmup = 500
    algorithm = hmc (Default)
        engine = nuts (Default)
          nuts
        metric_file =  (Default)
      hmc
        stepsize = 1 (Default)
            max_depth = 10 (Default)
    save_warmup = 0 (Default)
        stepsize_jitter = 0 (Default)
    num_chains = 1 (Default)
        metric = diag_e (Default)
    thin = 1 (Default)
id = 1 (Default)
        metric_file =  (Default)
    adapt
        engine = nuts (Default)
        stepsize = 1 (Default)
data
          nuts
      engaged = 1 (Default)
  file = datafiles/brdu_stanfit.Rdump
        stepsize_jitter = 0 (Default)
      gamma = 0.050000000000000003 (Default)
            max_depth = 10 (Default)
init = 2 (Default)
      delta = 0.80000000000000004 (Default)
    num_chains = 1 (Default)
      kappa = 0.75 (Default)
id = 1 (Default)
data
random
  file = datafiles/brdu_stanfit.Rdump
      t0 = 10 (Default)
init = 2 (Default)
random
        metric = diag_e (Default)
  seed = 896506896 (Default)
  seed = 896506896 (Default)
        metric_file =  (Default)
      init_buffer = 75 (Default)
output
output
        stepsize = 1 (Default)
  file = save_csv/Simple_multiplex_model_2.csv
      term_buffer = 50 (Default)
  file = save_csv/Simple_multiplex_model_4.csv
  diagnostic_file =  (Default)
  diagnostic_file =  (Default)
        stepsize_jitter = 0 (Default)
  refresh = 100 (Default)
    num_chains = 1 (Default)
id = 1 (Default)
      window = 25 (Default)
data
  sig_figs = -1 (Default)
  file = datafiles/brdu_stanfit.Rdump
    algorithm = hmc (Default)
  refresh = 100 (Default)
  profile_file = profile.csv (Default)
init = 2 (Default)
random
      hmc
  log_prob_output_file = log_prob_output.csv (Default)
  seed = 896506896 (Default)
        engine = nuts (Default)
  sig_figs = -1 (Default)
output
num_threads = 1 (Default)
  file = save_csv/Simple_multiplex_model_3.csv
  diagnostic_file =  (Default)

  refresh = 100 (Default)
          nuts
  sig_figs = -1 (Default)
            max_depth = 10 (Default)
        metric = diag_e (Default)
        metric_file =  (Default)
  profile_file = profile.csv (Default)
  profile_file = profile.csv (Default)
        stepsize = 1 (Default)
  log_prob_output_file = log_prob_output.csv (Default)
  log_prob_output_file = log_prob_output.csv (Default)
num_threads = 1 (Default)

num_threads = 1 (Default)

        stepsize_jitter = 0 (Default)
    num_chains = 1 (Default)
id = 1 (Default)
data
  file = datafiles/brdu_stanfit.Rdump
init = 2 (Default)
random
  seed = 896506896 (Default)
output
  file = save_csv/Simple_multiplex_model_1.csv
  diagnostic_file =  (Default)
  refresh = 100 (Default)
  sig_figs = -1 (Default)
  profile_file = profile.csv (Default)
  log_prob_output_file = log_prob_output.csv (Default)
num_threads = 1 (Default)


Gradient evaluation took 0.002001 seconds

1000 transitions using 10 leapfrog steps per transition would take 20.01 seconds.


Adjust your expectations accordingly!
Gradient evaluation took 0.002005 seconds
Gradient evaluation took 0.001997 seconds
1000 transitions using 10 leapfrog steps per transition would take 19.97 seconds.
1000 transitions using 10 leapfrog steps per transition would take 20.05 seconds.
Gradient evaluation took 0.002046 seconds
Adjust your expectations accordingly!
1000 transitions using 10 leapfrog steps per transition would take 20.46 seconds.
Adjust your expectations accordingly!
Adjust your expectations accordingly!








Iteration:    1 / 3000 [  0%]  (Warmup)
Iteration:    1 / 3000 [  0%]  (Warmup)
Iteration:    1 / 3000 [  0%]  (Warmup)
Iteration:    1 / 3000 [  0%]  (Warmup)
Iteration:  100 / 3000 [  3%]  (Warmup)
Iteration:  100 / 3000 [  3%]  (Warmup)
Iteration:  100 / 3000 [  3%]  (Warmup)
Iteration:  100 / 3000 [  3%]  (Warmup)
Iteration:  200 / 3000 [  6%]  (Warmup)
Iteration:  200 / 3000 [  6%]  (Warmup)
Iteration:  200 / 3000 [  6%]  (Warmup)
Iteration:  200 / 3000 [  6%]  (Warmup)
Iteration:  300 / 3000 [ 10%]  (Warmup)
Iteration:  300 / 3000 [ 10%]  (Warmup)
Iteration:  300 / 3000 [ 10%]  (Warmup)
Iteration:  300 / 3000 [ 10%]  (Warmup)
Iteration:  400 / 3000 [ 13%]  (Warmup)
Iteration:  400 / 3000 [ 13%]  (Warmup)
Iteration:  400 / 3000 [ 13%]  (Warmup)
Iteration:  400 / 3000 [ 13%]  (Warmup)
Iteration:  500 / 3000 [ 16%]  (Warmup)
Iteration:  500 / 3000 [ 16%]  (Warmup)
Iteration:  500 / 3000 [ 16%]  (Warmup)
Iteration:  501 / 3000 [ 16%]  (Sampling)
Iteration:  501 / 3000 [ 16%]  (Sampling)
Iteration:  501 / 3000 [ 16%]  (Sampling)
Iteration:  500 / 3000 [ 16%]  (Warmup)
Iteration:  501 / 3000 [ 16%]  (Sampling)
Iteration:  600 / 3000 [ 20%]  (Sampling)
Iteration:  600 / 3000 [ 20%]  (Sampling)
Iteration:  600 / 3000 [ 20%]  (Sampling)
Iteration:  600 / 3000 [ 20%]  (Sampling)
Iteration:  700 / 3000 [ 23%]  (Sampling)
Iteration:  700 / 3000 [ 23%]  (Sampling)
Iteration:  700 / 3000 [ 23%]  (Sampling)
Iteration:  700 / 3000 [ 23%]  (Sampling)
Iteration:  800 / 3000 [ 26%]  (Sampling)
Iteration:  800 / 3000 [ 26%]  (Sampling)
Iteration:  800 / 3000 [ 26%]  (Sampling)
Iteration:  800 / 3000 [ 26%]  (Sampling)
Iteration:  900 / 3000 [ 30%]  (Sampling)
Iteration:  900 / 3000 [ 30%]  (Sampling)
Iteration:  900 / 3000 [ 30%]  (Sampling)
Iteration:  900 / 3000 [ 30%]  (Sampling)
Iteration: 1000 / 3000 [ 33%]  (Sampling)
Iteration: 1000 / 3000 [ 33%]  (Sampling)
Iteration: 1000 / 3000 [ 33%]  (Sampling)
Iteration: 1000 / 3000 [ 33%]  (Sampling)
Iteration: 1100 / 3000 [ 36%]  (Sampling)
Iteration: 1100 / 3000 [ 36%]  (Sampling)
Iteration: 1100 / 3000 [ 36%]  (Sampling)
Iteration: 1100 / 3000 [ 36%]  (Sampling)
Iteration: 1200 / 3000 [ 40%]  (Sampling)
Iteration: 1200 / 3000 [ 40%]  (Sampling)
Iteration: 1200 / 3000 [ 40%]  (Sampling)
Iteration: 1200 / 3000 [ 40%]  (Sampling)
Iteration: 1300 / 3000 [ 43%]  (Sampling)
Iteration: 1300 / 3000 [ 43%]  (Sampling)
Iteration: 1300 / 3000 [ 43%]  (Sampling)
Iteration: 1300 / 3000 [ 43%]  (Sampling)
Iteration: 1400 / 3000 [ 46%]  (Sampling)
Iteration: 1400 / 3000 [ 46%]  (Sampling)
Iteration: 1400 / 3000 [ 46%]  (Sampling)
Iteration: 1400 / 3000 [ 46%]  (Sampling)
Iteration: 1500 / 3000 [ 50%]  (Sampling)
Iteration: 1500 / 3000 [ 50%]  (Sampling)
Iteration: 1500 / 3000 [ 50%]  (Sampling)
Iteration: 1500 / 3000 [ 50%]  (Sampling)
Iteration: 1600 / 3000 [ 53%]  (Sampling)
Iteration: 1600 / 3000 [ 53%]  (Sampling)
Iteration: 1600 / 3000 [ 53%]  (Sampling)
Iteration: 1600 / 3000 [ 53%]  (Sampling)
Iteration: 1700 / 3000 [ 56%]  (Sampling)
Iteration: 1700 / 3000 [ 56%]  (Sampling)
Iteration: 1700 / 3000 [ 56%]  (Sampling)
Iteration: 1700 / 3000 [ 56%]  (Sampling)
Iteration: 1800 / 3000 [ 60%]  (Sampling)
Iteration: 1800 / 3000 [ 60%]  (Sampling)
Iteration: 1800 / 3000 [ 60%]  (Sampling)
Iteration: 1800 / 3000 [ 60%]  (Sampling)
Iteration: 1900 / 3000 [ 63%]  (Sampling)
Iteration: 1900 / 3000 [ 63%]  (Sampling)
Iteration: 1900 / 3000 [ 63%]  (Sampling)
Iteration: 1900 / 3000 [ 63%]  (Sampling)
Iteration: 2000 / 3000 [ 66%]  (Sampling)
Iteration: 2000 / 3000 [ 66%]  (Sampling)
Iteration: 2000 / 3000 [ 66%]  (Sampling)
Iteration: 2000 / 3000 [ 66%]  (Sampling)
Iteration: 2100 / 3000 [ 70%]  (Sampling)
Iteration: 2100 / 3000 [ 70%]  (Sampling)
Iteration: 2100 / 3000 [ 70%]  (Sampling)
Iteration: 2100 / 3000 [ 70%]  (Sampling)
Iteration: 2200 / 3000 [ 73%]  (Sampling)
Iteration: 2200 / 3000 [ 73%]  (Sampling)
Iteration: 2200 / 3000 [ 73%]  (Sampling)
Iteration: 2200 / 3000 [ 73%]  (Sampling)
Iteration: 2300 / 3000 [ 76%]  (Sampling)
Iteration: 2300 / 3000 [ 76%]  (Sampling)
Iteration: 2300 / 3000 [ 76%]  (Sampling)
Iteration: 2300 / 3000 [ 76%]  (Sampling)
Iteration: 2400 / 3000 [ 80%]  (Sampling)
Iteration: 2400 / 3000 [ 80%]  (Sampling)
Iteration: 2400 / 3000 [ 80%]  (Sampling)
Iteration: 2400 / 3000 [ 80%]  (Sampling)
Iteration: 2500 / 3000 [ 83%]  (Sampling)
Iteration: 2500 / 3000 [ 83%]  (Sampling)
Iteration: 2500 / 3000 [ 83%]  (Sampling)
Iteration: 2500 / 3000 [ 83%]  (Sampling)
Iteration: 2600 / 3000 [ 86%]  (Sampling)
Iteration: 2600 / 3000 [ 86%]  (Sampling)
Iteration: 2600 / 3000 [ 86%]  (Sampling)
Iteration: 2600 / 3000 [ 86%]  (Sampling)
Iteration: 2700 / 3000 [ 90%]  (Sampling)
Iteration: 2700 / 3000 [ 90%]  (Sampling)
Iteration: 2700 / 3000 [ 90%]  (Sampling)
Iteration: 2700 / 3000 [ 90%]  (Sampling)
Iteration: 2800 / 3000 [ 93%]  (Sampling)
Iteration: 2800 / 3000 [ 93%]  (Sampling)
Iteration: 2800 / 3000 [ 93%]  (Sampling)
Iteration: 2800 / 3000 [ 93%]  (Sampling)
Iteration: 2900 / 3000 [ 96%]  (Sampling)
Iteration: 2900 / 3000 [ 96%]  (Sampling)
Iteration: 2900 / 3000 [ 96%]  (Sampling)
Iteration: 2900 / 3000 [ 96%]  (Sampling)
Iteration: 3000 / 3000 [100%]  (Sampling)

 Elapsed Time: 7.285 seconds (Warm-up)
               20.642 seconds (Sampling)
               27.927 seconds (Total)

Iteration: 3000 / 3000 [100%]  (Sampling)

 Elapsed Time: 7.285 seconds (Warm-up)
               20.675 seconds (Sampling)
               27.96 seconds (Total)

Iteration: 3000 / 3000 [100%]  (Sampling)

 Elapsed Time: 7.287 seconds (Warm-up)
               20.717 seconds (Sampling)
               28.004 seconds (Total)

Iteration: 3000 / 3000 [100%]  (Sampling)

 Elapsed Time: 7.385 seconds (Warm-up)
               20.836 seconds (Sampling)
               28.221 seconds (Total)

